<?xml version="1.0" encoding="UTF-8"?>
<!-- Generated by org.testng.reporters.JUnitXMLReporter -->
<testsuite ignored="21" hostname="KarthikaRaj" failures="1" tests="1" name="Default test(failed)(failed)" time="8.716" errors="0" timestamp="2022-11-25T14:56:49 EST">
  <testcase classname="testlayer.Your_Account_Test" name="TC51_Cancelled_Orders" time="0.465">
    <failure type="org.openqa.selenium.NoSuchElementException" message="no such element: Unable to locate element: {&amp;quot;method&amp;quot;:&amp;quot;xpath&amp;quot;,&amp;quot;selector&amp;quot;:&amp;quot;//h2[contains(text(),&amp;apos;Your Orders&amp;apos;)]&amp;quot;}
  (Session info: chrome=107.0.5304.107)
For documentation on this error, please visit: https://www.seleniumhq.org/exceptions/no_such_element.html
Build info: version: &amp;apos;3.141.59&amp;apos;, revision: &amp;apos;e82be7d358&amp;apos;, time: &amp;apos;2018-11-14T08:17:03&amp;apos;
System info: host: &amp;apos;KARTHIKARAJ&amp;apos;, ip: &amp;apos;192.168.2.231&amp;apos;, os.name: &amp;apos;Windows 11&amp;apos;, os.arch: &amp;apos;amd64&amp;apos;, os.version: &amp;apos;10.0&amp;apos;, java.version: &amp;apos;18.0.2.1&amp;apos;
Driver info: org.openqa.selenium.chrome.ChromeDriver
Capabilities {acceptInsecureCerts: false, browserName: chrome, browserVersion: 107.0.5304.107, chrome: {chromedriverVersion: 107.0.5304.62 (1eec40d3a576..., userDataDir: C:\Users\kmbyk\AppData\Loca...}, goog:chromeOptions: {debuggerAddress: localhost:63922}, javascriptEnabled: true, networkConnectionEnabled: false, pageLoadStrategy: normal, platform: WINDOWS, platformName: WINDOWS, proxy: Proxy(), setWindowRect: true, strictFileInteractability: false, timeouts: {implicit: 0, pageLoad: 300000, script: 30000}, unhandledPromptBehavior: dismiss and notify, webauthn:extension:credBlob: true, webauthn:extension:largeBlob: true, webauthn:virtualAuthenticators: true}
Session ID: 04405d985361cff0c768c6b6cdd5b77a
*** Element info: {Using=xpath, value=//h2[contains(text(),&amp;apos;Your Orders&amp;apos;)]}">
      <![CDATA[org.openqa.selenium.NoSuchElementException: no such element: Unable to locate element: {"method":"xpath","selector":"//h2[contains(text(),'Your Orders')]"}
  (Session info: chrome=107.0.5304.107)
For documentation on this error, please visit: https://www.seleniumhq.org/exceptions/no_such_element.html
Build info: version: '3.141.59', revision: 'e82be7d358', time: '2018-11-14T08:17:03'
System info: host: 'KARTHIKARAJ', ip: '192.168.2.231', os.name: 'Windows 11', os.arch: 'amd64', os.version: '10.0', java.version: '18.0.2.1'
Driver info: org.openqa.selenium.chrome.ChromeDriver
Capabilities {acceptInsecureCerts: false, browserName: chrome, browserVersion: 107.0.5304.107, chrome: {chromedriverVersion: 107.0.5304.62 (1eec40d3a576..., userDataDir: C:\Users\kmbyk\AppData\Loca...}, goog:chromeOptions: {debuggerAddress: localhost:63922}, javascriptEnabled: true, networkConnectionEnabled: false, pageLoadStrategy: normal, platform: WINDOWS, platformName: WINDOWS, proxy: Proxy(), setWindowRect: true, strictFileInteractability: false, timeouts: {implicit: 0, pageLoad: 300000, script: 30000}, unhandledPromptBehavior: dismiss and notify, webauthn:extension:credBlob: true, webauthn:extension:largeBlob: true, webauthn:virtualAuthenticators: true}
Session ID: 04405d985361cff0c768c6b6cdd5b77a
*** Element info: {Using=xpath, value=//h2[contains(text(),'Your Orders')]}
at org.openqa.selenium.remote.http.W3CHttpResponseCodec.createException(W3CHttpResponseCodec.java:187)
at org.openqa.selenium.remote.http.W3CHttpResponseCodec.decode(W3CHttpResponseCodec.java:122)
at org.openqa.selenium.remote.http.W3CHttpResponseCodec.decode(W3CHttpResponseCodec.java:49)
at org.openqa.selenium.remote.HttpCommandExecutor.execute(HttpCommandExecutor.java:158)
at org.openqa.selenium.remote.service.DriverCommandExecutor.execute(DriverCommandExecutor.java:83)
at org.openqa.selenium.remote.RemoteWebDriver.execute(RemoteWebDriver.java:552)
at org.openqa.selenium.remote.RemoteWebDriver.findElement(RemoteWebDriver.java:323)
at org.openqa.selenium.remote.RemoteWebDriver.findElementByXPath(RemoteWebDriver.java:428)
at org.openqa.selenium.By$ByXPath.findElement(By.java:353)
at org.openqa.selenium.remote.RemoteWebDriver.findElement(RemoteWebDriver.java:315)
at org.openqa.selenium.support.pagefactory.DefaultElementLocator.findElement(DefaultElementLocator.java:69)
at org.openqa.selenium.support.pagefactory.internal.LocatingElementHandler.invoke(LocatingElementHandler.java:38)
at jdk.proxy2/jdk.proxy2.$Proxy14.click(Unknown Source)
at pompackage.PomYourAccount.Your_Orders(PomYourAccount.java:33)
at testlayer.Your_Account_Test.TC51_Cancelled_Orders(Your_Account_Test.java:182)
at java.base/java.util.ArrayList.forEach(ArrayList.java:1511)
... Removed 28 stack frames]]>
    </failure>
  </testcase> <!-- TC51_Cancelled_Orders -->
  <testcase classname="testlayer.Your_Account_Test" name="TC41_Email_alerts_messages_and_ads" time="0.0">
    <ignored/>
  </testcase> <!-- TC41_Email_alerts_messages_and_ads -->
  <testcase classname="testlayer.Your_Account_Test" name="TC46_Subscriptions" time="0.0">
    <ignored/>
  </testcase> <!-- TC46_Subscriptions -->
  <testcase classname="testlayer.Your_Account_Test" name="TC43_Ordering_and_shopping_preferences" time="0.0">
    <ignored/>
  </testcase> <!-- TC43_Ordering_and_shopping_preferences -->
  <testcase classname="testlayer.Your_Account_Test" name="TC44_Other_accounts" time="0.0">
    <ignored/>
  </testcase> <!-- TC44_Other_accounts -->
  <testcase classname="testlayer.Your_Account_Test" name="TC48_Orders" time="0.0">
    <ignored/>
  </testcase> <!-- TC48_Orders -->
  <testcase classname="testlayer.Your_Account_Test" name="TC32_Your_Account" time="0.0">
    <ignored/>
  </testcase> <!-- TC32_Your_Account -->
  <testcase classname="testlayer.Your_Account_Test" name="TC45_Shopping_programs_and_rentals" time="0.0">
    <ignored/>
  </testcase> <!-- TC45_Shopping_programs_and_rentals -->
  <testcase classname="testlayer.Your_Account_Test" name="TC39_Customer_service" time="0.0">
    <ignored/>
  </testcase> <!-- TC39_Customer_service -->
  <testcase classname="testlayer.Your_Account_Test" name="TC49_Orders_placed_in_past" time="0.0">
    <ignored/>
  </testcase> <!-- TC49_Orders_placed_in_past -->
  <testcase classname="testlayer.Your_Account_Test" name="TC119_Not_Yet_Shipped" time="0.0">
    <ignored/>
  </testcase> <!-- TC119_Not_Yet_Shipped -->
  <testcase classname="testlayer.Your_Account_Test" name="TC33_Your_Orders" time="0.0">
    <ignored/>
  </testcase> <!-- TC33_Your_Orders -->
  <testcase classname="testlayer.Your_Account_Test" name="TC36_Your_Addresses" time="0.0">
    <ignored/>
  </testcase> <!-- TC36_Your_Addresses -->
  <testcase classname="testlayer.Your_Account_Test" name="TC42_More_ways_to_pay" time="0.0">
    <ignored/>
  </testcase> <!-- TC42_More_ways_to_pay -->
  <testcase classname="testlayer.Your_Account_Test" name="TC31_View_and_access_account_information" time="0.0">
    <ignored/>
  </testcase> <!-- TC31_View_and_access_account_information -->
  <testcase classname="testlayer.Your_Account_Test" name="TC40_Digital_content_and_devices" time="0.0">
    <ignored/>
  </testcase> <!-- TC40_Digital_content_and_devices -->
  <testcase classname="testlayer.Your_Account_Test" name="TC37_Your_Payments" time="0.0">
    <ignored/>
  </testcase> <!-- TC37_Your_Payments -->
  <testcase classname="testlayer.Your_Account_Test" name="TC47_Data_and_Privacy" time="0.0">
    <ignored/>
  </testcase> <!-- TC47_Data_and_Privacy -->
  <testcase classname="testlayer.Your_Account_Test" name="TC35_Prime" time="0.0">
    <ignored/>
  </testcase> <!-- TC35_Prime -->
  <testcase classname="testlayer.Your_Account_Test" name="TC34_Login_and_security" time="0.0">
    <ignored/>
  </testcase> <!-- TC34_Login_and_security -->
  <testcase classname="testlayer.Your_Account_Test" name="TC50_Buy_again" time="0.0">
    <ignored/>
  </testcase> <!-- TC50_Buy_again -->
  <testcase classname="testlayer.Your_Account_Test" name="TC38_Gift_Cards" time="0.0">
    <ignored/>
  </testcase> <!-- TC38_Gift_Cards -->
</testsuite> <!-- Default test(failed)(failed) -->
